TN:
SF:src/modules/determinism/DeterminismSystem.ts
FN:62,(anonymous_0)
FN:77,(anonymous_1)
FN:91,(anonymous_2)
FN:102,(anonymous_3)
FN:109,(anonymous_4)
FN:116,(anonymous_5)
FN:123,(anonymous_6)
FN:136,(anonymous_7)
FN:143,(anonymous_8)
FN:150,(anonymous_9)
FN:157,(anonymous_10)
FN:164,(anonymous_11)
FN:173,(anonymous_12)
FN:180,(anonymous_13)
FN:187,(anonymous_14)
FN:194,(anonymous_15)
FN:201,(anonymous_16)
FN:210,(anonymous_17)
FN:217,(anonymous_18)
FNF:19
FNH:16
FNDA:9,(anonymous_0)
FNDA:1,(anonymous_1)
FNDA:2,(anonymous_2)
FNDA:1,(anonymous_3)
FNDA:1,(anonymous_4)
FNDA:1,(anonymous_5)
FNDA:0,(anonymous_6)
FNDA:3,(anonymous_7)
FNDA:1,(anonymous_8)
FNDA:0,(anonymous_9)
FNDA:0,(anonymous_10)
FNDA:2,(anonymous_11)
FNDA:3,(anonymous_12)
FNDA:1,(anonymous_13)
FNDA:1,(anonymous_14)
FNDA:4,(anonymous_15)
FNDA:1,(anonymous_16)
FNDA:1,(anonymous_17)
FNDA:1,(anonymous_18)
DA:11,6
DA:12,6
DA:13,6
DA:14,6
DA:51,6
DA:52,9
DA:53,9
DA:60,9
DA:63,9
DA:64,9
DA:65,9
DA:66,9
DA:69,9
DA:70,9
DA:71,9
DA:78,1
DA:96,2
DA:103,1
DA:110,1
DA:117,1
DA:128,0
DA:137,3
DA:144,1
DA:151,0
DA:158,0
DA:165,2
DA:174,3
DA:181,1
DA:188,1
DA:195,4
DA:202,1
DA:211,1
DA:218,1
LF:33
LH:30
BRDA:78,0,0,1
BRDA:78,0,1,1
BRDA:78,0,2,1
BRDA:78,0,3,1
BRDA:78,0,4,1
BRF:5
BRH:5
end_of_record
TN:
SF:src/modules/determinism/HallucinationDetector.ts
FN:64,(anonymous_0)
FN:79,(anonymous_1)
FN:86,(anonymous_2)
FN:93,(anonymous_3)
FN:100,(anonymous_4)
FN:107,(anonymous_5)
FN:114,(anonymous_6)
FN:121,(anonymous_7)
FN:130,(anonymous_8)
FN:156,(anonymous_9)
FN:243,(anonymous_10)
FN:250,(anonymous_11)
FN:278,(anonymous_12)
FN:285,(anonymous_13)
FNF:14
FNH:12
FNDA:18,(anonymous_0)
FNDA:11,(anonymous_1)
FNDA:11,(anonymous_2)
FNDA:12,(anonymous_3)
FNDA:1,(anonymous_4)
FNDA:0,(anonymous_5)
FNDA:0,(anonymous_6)
FNDA:2,(anonymous_7)
FNDA:6,(anonymous_8)
FNDA:9,(anonymous_9)
FNDA:2,(anonymous_10)
FNDA:3,(anonymous_11)
FNDA:4,(anonymous_12)
FNDA:4,(anonymous_13)
DA:45,6
DA:46,18
DA:47,18
DA:62,18
DA:65,18
DA:66,18
DA:67,18
DA:68,18
DA:69,18
DA:80,11
DA:87,11
DA:94,12
DA:101,1
DA:108,0
DA:115,0
DA:122,2
DA:135,6
DA:137,6
DA:138,6
DA:140,6
DA:162,9
DA:163,1
DA:170,8
DA:171,8
DA:172,8
DA:175,8
DA:176,3
DA:177,3
DA:178,3
DA:179,3
DA:180,3
DA:183,3
DA:184,3
DA:185,3
DA:186,2
DA:198,8
DA:199,2
DA:200,2
DA:201,2
DA:202,2
DA:203,2
DA:207,8
DA:208,4
DA:209,4
DA:210,4
DA:211,4
DA:212,4
DA:216,8
DA:217,2
DA:224,6
DA:225,6
DA:226,6
DA:229,6
DA:230,2
DA:233,6
DA:250,3
DA:252,2
DA:253,2
DA:254,3
DA:255,3
DA:257,3
DA:258,3
DA:259,3
DA:262,3
DA:263,0
DA:271,3
DA:279,4
DA:286,4
LF:68
LH:65
BRDA:65,0,0,18
BRDA:65,0,1,15
BRDA:66,1,0,18
BRDA:66,1,1,17
BRDA:67,2,0,18
BRDA:67,2,1,17
BRDA:68,3,0,18
BRDA:68,3,1,17
BRDA:70,4,0,18
BRDA:70,4,1,16
BRDA:71,5,0,18
BRDA:71,5,1,16
BRDA:72,6,0,18
BRDA:72,6,1,16
BRDA:137,7,0,6
BRDA:137,7,1,6
BRDA:146,8,0,3
BRDA:146,8,1,3
BRDA:162,9,0,1
BRDA:175,10,0,3
BRDA:175,11,0,8
BRDA:175,11,1,7
BRDA:183,12,0,3
BRDA:185,13,0,2
BRDA:187,14,0,2
BRDA:187,14,1,2
BRDA:198,15,0,2
BRDA:198,16,0,8
BRDA:198,16,1,7
BRDA:198,16,2,3
BRDA:198,16,3,2
BRDA:207,17,0,4
BRDA:207,18,0,8
BRDA:207,18,1,7
BRDA:216,19,0,2
BRDA:225,20,0,6
BRDA:225,20,1,6
BRDA:229,21,0,2
BRDA:229,22,0,6
BRDA:229,22,1,4
BRDA:229,22,2,2
BRDA:255,23,0,0
BRDA:262,24,0,0
BRDA:262,25,0,3
BRDA:262,25,1,0
BRF:45
BRH:42
end_of_record
TN:
SF:src/modules/determinism/SelfConsistencyChecker.ts
FN:39,(anonymous_0)
FN:48,(anonymous_1)
FN:57,(anonymous_2)
FN:90,(anonymous_3)
FN:92,(anonymous_4)
FN:134,(anonymous_5)
FN:150,(anonymous_6)
FN:168,(anonymous_7)
FN:177,(anonymous_8)
FN:216,(anonymous_9)
FN:220,(anonymous_10)
FN:228,(anonymous_11)
FN:234,(anonymous_12)
FN:264,(anonymous_13)
FN:271,(anonymous_14)
FN:278,(anonymous_15)
FNF:16
FNH:16
FNDA:23,(anonymous_0)
FNDA:2,(anonymous_1)
FNDA:2,(anonymous_2)
FNDA:11,(anonymous_3)
FNDA:22,(anonymous_4)
FNDA:12,(anonymous_5)
FNDA:10,(anonymous_6)
FNDA:1,(anonymous_7)
FNDA:1,(anonymous_8)
FNDA:22,(anonymous_9)
FNDA:112,(anonymous_10)
FNDA:1,(anonymous_11)
FNDA:20,(anonymous_12)
FNDA:5,(anonymous_13)
FNDA:4,(anonymous_14)
FNDA:3,(anonymous_15)
DA:30,6
DA:31,23
DA:32,23
DA:37,23
DA:40,23
DA:41,23
DA:42,23
DA:49,2
DA:63,2
DA:64,1
DA:65,1
DA:76,1
DA:92,22
DA:94,11
DA:95,1
DA:102,10
DA:103,10
DA:104,10
DA:105,10
DA:108,10
DA:109,21
DA:110,12
DA:111,12
DA:112,12
DA:113,12
DA:121,10
DA:122,10
DA:124,10
DA:135,12
DA:137,10
DA:139,1
DA:141,1
DA:143,0
DA:151,10
DA:152,10
DA:154,10
DA:155,10
DA:156,49
DA:157,36
DA:161,10
DA:162,10
DA:169,1
DA:170,1
DA:171,1
DA:178,1
DA:179,1
DA:181,1
DA:182,1
DA:184,1
DA:185,4
DA:187,1
DA:188,4
DA:192,1
DA:194,1
DA:195,1
DA:196,1
DA:198,1
DA:199,4
DA:200,4
DA:201,4
DA:202,4
DA:203,4
DA:206,1
DA:207,0
DA:210,1
DA:217,22
DA:220,112
DA:230,1
DA:231,0
DA:234,20
DA:236,1
DA:237,19
DA:238,19
DA:240,19
DA:241,361
DA:242,361
DA:244,361
DA:245,27
DA:247,334
DA:254,361
DA:258,1
DA:265,5
DA:272,4
DA:279,3
LF:84
LH:81
BRDA:40,0,0,23
BRDA:40,0,1,21
BRDA:41,1,0,23
BRDA:41,1,1,19
BRDA:42,2,0,23
BRDA:42,2,1,19
BRDA:63,3,0,1
BRDA:63,4,0,2
BRDA:63,4,1,1
BRDA:92,5,0,22
BRDA:92,5,1,22
BRDA:94,6,0,1
BRDA:135,7,0,10
BRDA:135,7,1,1
BRDA:135,7,2,1
BRDA:135,7,3,0
BRDA:156,8,0,36
BRDA:162,9,0,0
BRDA:162,9,1,10
BRDA:171,10,0,0
BRDA:171,10,1,1
BRDA:185,11,0,4
BRDA:185,11,1,4
BRDA:188,12,0,4
BRDA:188,12,1,4
BRDA:199,13,0,4
BRDA:199,13,1,0
BRDA:200,14,0,4
BRDA:200,14,1,0
BRDA:206,15,0,0
BRDA:206,16,0,1
BRDA:206,16,1,1
BRDA:230,17,0,0
BRDA:242,18,0,27
BRDA:242,18,1,334
BRDA:244,19,0,27
BRDA:244,19,1,334
BRF:37
BRH:30
end_of_record
TN:
SF:src/modules/determinism/SourceTracer.ts
FN:68,(anonymous_0)
FN:76,(anonymous_1)
FN:84,(anonymous_2)
FN:102,(anonymous_3)
FN:128,(anonymous_4)
FN:139,(anonymous_5)
FN:159,(anonymous_6)
FN:212,(anonymous_7)
FN:217,(anonymous_8)
FN:242,(anonymous_9)
FN:282,(anonymous_10)
FN:283,(anonymous_11)
FN:290,(anonymous_12)
FN:313,(anonymous_13)
FN:319,(anonymous_14)
FN:331,(anonymous_15)
FN:338,(anonymous_16)
FNF:17
FNH:16
FNDA:22,(anonymous_0)
FNDA:2,(anonymous_1)
FNDA:19,(anonymous_2)
FNDA:2,(anonymous_3)
FNDA:3,(anonymous_4)
FNDA:1,(anonymous_5)
FNDA:13,(anonymous_6)
FNDA:0,(anonymous_7)
FNDA:5,(anonymous_8)
FNDA:11,(anonymous_9)
FNDA:12,(anonymous_10)
FNDA:74,(anonymous_11)
FNDA:59,(anonymous_12)
FNDA:31,(anonymous_13)
FNDA:155,(anonymous_14)
FNDA:11,(anonymous_15)
FNDA:2,(anonymous_16)
DA:58,6
DA:59,22
DA:60,22
DA:62,22
DA:63,22
DA:66,22
DA:69,22
DA:70,22
DA:77,2
DA:85,19
DA:88,19
DA:89,19
DA:90,63
DA:91,63
DA:92,58
DA:94,63
DA:103,2
DA:104,0
DA:108,2
DA:109,2
DA:110,2
DA:111,4
DA:112,4
DA:113,4
DA:114,4
DA:115,4
DA:116,4
DA:121,2
DA:129,3
DA:130,7
DA:140,1
DA:143,1
DA:145,1
DA:160,13
DA:161,0
DA:168,13
DA:169,1
DA:177,12
DA:178,12
DA:181,12
DA:182,57
DA:183,57
DA:184,57
DA:185,37
DA:186,40
DA:192,12
DA:193,1
DA:201,11
DA:202,11
DA:203,12
DA:204,12
DA:205,12
DA:206,12
DA:207,5
DA:212,11
DA:213,11
DA:216,11
DA:217,5
DA:221,11
DA:222,11
DA:223,5
DA:225,11
DA:230,11
DA:232,11
DA:243,11
DA:244,0
DA:246,11
DA:247,6
DA:251,5
DA:252,5
DA:254,5
DA:256,5
DA:257,5
DA:258,5
DA:259,9
DA:260,8
DA:264,5
DA:265,5
DA:269,5
DA:270,19
DA:271,19
DA:272,0
DA:276,5
DA:283,74
DA:287,12
DA:288,3
DA:290,59
DA:292,9
DA:295,12
DA:296,0
DA:299,12
DA:300,12
DA:301,47
DA:302,34
DA:306,12
DA:307,12
DA:315,31
DA:321,155
DA:322,0
DA:324,155
DA:332,11
DA:339,2
DA:340,2
LF:103
LH:97
BRDA:69,0,0,22
BRDA:69,0,1,20
BRDA:70,1,0,22
BRDA:70,1,1,21
BRDA:88,2,0,19
BRDA:88,2,1,17
BRDA:91,3,0,58
BRDA:103,4,0,0
BRDA:109,5,0,2
BRDA:109,5,1,2
BRDA:113,6,0,4
BRDA:115,7,0,4
BRDA:146,8,0,1
BRDA:146,8,1,0
BRDA:160,9,0,0
BRDA:168,10,0,1
BRDA:184,11,0,37
BRDA:192,12,0,1
BRDA:205,13,0,12
BRDA:205,13,1,12
BRDA:206,14,0,5
BRDA:225,15,0,5
BRDA:225,15,1,6
BRDA:243,16,0,0
BRDA:246,17,0,6
BRDA:256,18,0,5
BRDA:259,19,0,8
BRDA:264,20,0,5
BRDA:271,21,0,0
BRDA:287,22,0,3
BRDA:287,22,1,9
BRDA:295,23,0,0
BRDA:295,24,0,12
BRDA:295,24,1,0
BRDA:301,25,0,34
BRDA:307,26,0,0
BRDA:307,26,1,12
BRDA:321,27,0,0
BRF:38
BRH:29
end_of_record
TN:
SF:src/modules/determinism/WFGYVerifier.ts
FN:101,(anonymous_0)
FN:120,(anonymous_1)
FN:128,(anonymous_2)
FN:130,(anonymous_3)
FN:138,(anonymous_4)
FN:147,(anonymous_5)
FN:158,(anonymous_6)
FN:167,(anonymous_7)
FN:196,(anonymous_8)
FN:274,(anonymous_9)
FN:282,(anonymous_10)
FN:295,(anonymous_11)
FN:306,(anonymous_12)
FN:313,(anonymous_13)
FNF:14
FNH:14
FNDA:23,(anonymous_0)
FNDA:5,(anonymous_1)
FNDA:3,(anonymous_2)
FNDA:2,(anonymous_3)
FNDA:1,(anonymous_4)
FNDA:1,(anonymous_5)
FNDA:2,(anonymous_6)
FNDA:1,(anonymous_7)
FNDA:11,(anonymous_8)
FNDA:1,(anonymous_9)
FNDA:1,(anonymous_10)
FNDA:1,(anonymous_11)
FNDA:8,(anonymous_12)
FNDA:3,(anonymous_13)
DA:91,6
DA:92,23
DA:93,23
DA:98,23
DA:99,23
DA:102,23
DA:103,23
DA:105,23
DA:106,2
DA:107,2
DA:111,23
DA:112,23
DA:113,23
DA:121,5
DA:129,3
DA:130,3
DA:131,3
DA:139,1
DA:140,1
DA:148,1
DA:149,1
DA:150,1
DA:152,1
DA:159,2
DA:168,1
DA:171,1
DA:172,1
DA:173,1
DA:174,1
DA:175,1
DA:176,1
DA:177,1
DA:182,1
DA:198,11
DA:199,0
DA:212,11
DA:214,11
DA:215,1
DA:224,10
DA:225,10
DA:226,10
DA:227,10
DA:228,10
DA:230,10
DA:231,11
DA:232,11
DA:235,11
DA:236,2
DA:238,9
DA:241,11
DA:242,6
DA:243,6
DA:244,6
DA:249,5
DA:250,5
DA:258,10
DA:259,10
DA:261,10
DA:275,1
DA:276,0
DA:280,1
DA:281,1
DA:282,1
DA:284,1
DA:287,1
DA:289,1
DA:296,1
DA:297,1
DA:299,0
DA:307,8
DA:314,3
LF:71
LH:68
BRDA:102,0,0,23
BRDA:102,0,1,14
BRDA:105,1,0,2
BRDA:111,2,0,23
BRDA:111,2,1,20
BRDA:149,3,0,1
BRDA:172,4,0,1
BRDA:176,5,0,1
BRDA:183,6,0,1
BRDA:183,6,1,1
BRDA:198,7,0,0
BRDA:202,8,0,0
BRDA:202,8,1,0
BRDA:214,9,0,1
BRDA:231,10,0,11
BRDA:231,10,1,9
BRDA:235,11,0,2
BRDA:235,11,1,9
BRDA:241,12,0,6
BRDA:241,12,1,5
BRDA:258,13,0,10
BRDA:258,13,1,0
BRDA:259,14,0,10
BRDA:259,14,1,5
BRDA:275,15,0,0
BRDA:280,16,0,1
BRDA:287,17,0,1
BRDA:287,17,1,0
BRDA:296,18,0,1
BRDA:296,18,1,0
BRF:30
BRH:23
end_of_record
TN:
SF:src/modules/determinism/index.ts
FN:11,(anonymous_4)
FN:14,(anonymous_5)
FN:17,(anonymous_6)
FN:20,(anonymous_7)
FN:23,(anonymous_8)
FNF:5
FNH:5
FNDA:15,(anonymous_4)
FNDA:15,(anonymous_5)
FNDA:14,(anonymous_6)
FNDA:10,(anonymous_7)
FNDA:9,(anonymous_8)
DA:7,6
DA:8,6
DA:11,21
DA:14,21
DA:17,20
DA:20,16
DA:23,15
LF:7
LH:7
BRF:0
BRH:0
end_of_record
TN:
SF:src/modules/determinism/interfaces/types.ts
FNF:0
FNH:0
DA:18,6
LF:1
LH:1
BRF:0
BRH:0
end_of_record
