TN:
SF:src/adapters/llm/BaseLLMAdapter.ts
FN:29,(anonymous_0)
FN:41,(anonymous_1)
FN:64,(anonymous_2)
FN:77,(anonymous_3)
FN:85,(anonymous_4)
FN:94,(anonymous_5)
FN:102,(anonymous_6)
FN:109,(anonymous_7)
FN:121,(anonymous_8)
FN:129,(anonymous_9)
FN:139,(anonymous_10)
FNF:11
FNH:5
FNDA:29,(anonymous_0)
FNDA:16,(anonymous_1)
FNDA:4,(anonymous_2)
FNDA:2,(anonymous_3)
FNDA:5,(anonymous_4)
FNDA:0,(anonymous_5)
FNDA:0,(anonymous_6)
FNDA:0,(anonymous_7)
FNDA:0,(anonymous_8)
FNDA:0,(anonymous_9)
FNDA:0,(anonymous_10)
DA:14,9
DA:26,29
DA:27,29
DA:30,29
DA:31,29
DA:32,29
DA:33,29
DA:34,29
DA:35,29
DA:42,16
DA:65,4
DA:66,4
DA:78,2
DA:79,2
DA:86,5
DA:87,5
DA:88,5
DA:95,0
DA:96,0
DA:107,0
DA:108,0
DA:109,0
DA:111,0
DA:116,0
DA:118,0
DA:120,0
DA:121,0
DA:122,0
DA:125,0
DA:127,0
DA:128,0
DA:129,0
DA:130,0
DA:132,0
DA:140,0
DA:141,0
LF:36
LH:17
BRDA:32,0,0,29
BRDA:32,0,1,28
BRDA:33,1,0,29
BRDA:33,1,1,28
BRDA:34,2,0,29
BRDA:34,2,1,23
BRDA:35,3,0,29
BRDA:35,3,1,23
BRDA:42,4,0,16
BRDA:42,4,1,8
BRDA:105,5,0,0
BRDA:118,6,0,0
BRDA:118,7,0,0
BRDA:118,7,1,0
BRDA:127,8,0,0
BRDA:140,9,0,0
BRDA:140,9,1,0
BRF:17
BRH:10
end_of_record
TN:
SF:src/adapters/llm/DoubaoAdapter.ts
FN:21,(anonymous_0)
FN:29,(anonymous_1)
FN:38,(anonymous_2)
FN:104,(anonymous_3)
FN:113,(anonymous_4)
FNF:5
FNH:1
FNDA:3,(anonymous_0)
FNDA:0,(anonymous_1)
FNDA:0,(anonymous_2)
FNDA:0,(anonymous_3)
FNDA:0,(anonymous_4)
DA:1,2
DA:14,2
DA:15,3
DA:16,3
DA:19,3
DA:22,3
DA:23,3
DA:33,0
DA:34,0
DA:37,0
DA:38,0
DA:44,0
DA:56,0
DA:57,0
DA:60,0
DA:72,0
DA:73,0
DA:74,0
DA:77,0
DA:79,0
DA:80,0
DA:81,0
DA:82,0
DA:83,0
DA:84,0
DA:86,0
DA:88,0
DA:97,0
DA:108,0
DA:109,0
DA:110,0
DA:113,0
DA:118,0
DA:130,0
DA:131,0
DA:134,0
DA:147,0
DA:148,0
DA:149,0
DA:152,0
DA:153,0
DA:154,0
DA:155,0
DA:157,0
DA:158,0
DA:159,0
DA:161,0
DA:162,0
DA:163,0
DA:165,0
DA:166,0
DA:167,0
DA:168,0
DA:169,0
DA:171,0
DA:172,0
DA:173,0
DA:174,0
DA:175,0
DA:177,0
DA:178,0
DA:179,0
DA:180,0
DA:181,0
DA:195,2
LF:65
LH:8
BRDA:33,0,0,0
BRDA:47,1,0,0
BRDA:47,1,1,0
BRDA:48,2,0,0
BRDA:48,2,1,0
BRDA:49,3,0,0
BRDA:49,3,1,0
BRDA:50,4,0,0
BRDA:50,4,1,0
BRDA:51,5,0,0
BRDA:51,5,1,0
BRDA:52,6,0,0
BRDA:52,6,1,0
BRDA:56,7,0,0
BRDA:61,8,0,0
BRDA:61,8,1,0
BRDA:72,9,0,0
BRDA:80,10,0,0
BRDA:80,10,1,0
BRDA:81,11,0,0
BRDA:81,11,1,0
BRDA:82,12,0,0
BRDA:82,12,1,0
BRDA:83,13,0,0
BRDA:83,13,1,0
BRDA:108,14,0,0
BRDA:121,15,0,0
BRDA:121,15,1,0
BRDA:122,16,0,0
BRDA:122,16,1,0
BRDA:123,17,0,0
BRDA:123,17,1,0
BRDA:124,18,0,0
BRDA:124,18,1,0
BRDA:125,19,0,0
BRDA:125,19,1,0
BRDA:126,20,0,0
BRDA:126,20,1,0
BRDA:130,21,0,0
BRDA:135,22,0,0
BRDA:135,22,1,0
BRDA:147,23,0,0
BRDA:147,24,0,0
BRDA:147,24,1,0
BRDA:159,25,0,0
BRDA:163,26,0,0
BRDA:163,26,1,0
BRDA:166,27,0,0
BRDA:168,28,0,0
BRDA:169,29,0,0
BRDA:174,30,0,0
BRDA:177,31,0,0
BRDA:177,32,0,0
BRDA:177,32,1,0
BRDA:178,33,0,0
BRDA:178,33,1,0
BRDA:179,34,0,0
BRDA:179,34,1,0
BRF:58
BRH:0
end_of_record
TN:
SF:src/adapters/llm/GLMAdapter.ts
FN:21,(anonymous_0)
FN:29,(anonymous_1)
FN:38,(anonymous_2)
FN:100,(anonymous_3)
FN:109,(anonymous_4)
FNF:5
FNH:1
FNDA:3,(anonymous_0)
FNDA:0,(anonymous_1)
FNDA:0,(anonymous_2)
FNDA:0,(anonymous_3)
FNDA:0,(anonymous_4)
DA:1,2
DA:14,2
DA:15,3
DA:16,3
DA:19,3
DA:22,3
DA:23,3
DA:33,0
DA:34,0
DA:37,0
DA:38,0
DA:43,0
DA:52,0
DA:53,0
DA:56,0
DA:68,0
DA:69,0
DA:70,0
DA:73,0
DA:75,0
DA:76,0
DA:77,0
DA:78,0
DA:79,0
DA:80,0
DA:82,0
DA:84,0
DA:93,0
DA:104,0
DA:105,0
DA:106,0
DA:109,0
DA:114,0
DA:123,0
DA:124,0
DA:127,0
DA:140,0
DA:141,0
DA:142,0
DA:145,0
DA:146,0
DA:147,0
DA:148,0
DA:150,0
DA:151,0
DA:152,0
DA:154,0
DA:155,0
DA:156,0
DA:158,0
DA:159,0
DA:160,0
DA:161,0
DA:162,0
DA:164,0
DA:165,0
DA:166,0
DA:167,0
DA:168,0
DA:170,0
DA:171,0
DA:172,0
DA:173,0
DA:174,0
DA:188,2
LF:65
LH:8
BRDA:33,0,0,0
BRDA:46,1,0,0
BRDA:46,1,1,0
BRDA:47,2,0,0
BRDA:47,2,1,0
BRDA:48,3,0,0
BRDA:48,3,1,0
BRDA:52,4,0,0
BRDA:57,5,0,0
BRDA:57,5,1,0
BRDA:68,6,0,0
BRDA:76,7,0,0
BRDA:76,7,1,0
BRDA:77,8,0,0
BRDA:77,8,1,0
BRDA:78,9,0,0
BRDA:78,9,1,0
BRDA:79,10,0,0
BRDA:79,10,1,0
BRDA:104,11,0,0
BRDA:117,12,0,0
BRDA:117,12,1,0
BRDA:118,13,0,0
BRDA:118,13,1,0
BRDA:119,14,0,0
BRDA:119,14,1,0
BRDA:123,15,0,0
BRDA:128,16,0,0
BRDA:128,16,1,0
BRDA:140,17,0,0
BRDA:140,18,0,0
BRDA:140,18,1,0
BRDA:152,19,0,0
BRDA:156,20,0,0
BRDA:156,20,1,0
BRDA:159,21,0,0
BRDA:161,22,0,0
BRDA:162,23,0,0
BRDA:167,24,0,0
BRDA:170,25,0,0
BRDA:170,26,0,0
BRDA:170,26,1,0
BRDA:171,27,0,0
BRDA:171,27,1,0
BRDA:172,28,0,0
BRDA:172,28,1,0
BRF:46
BRH:0
end_of_record
TN:
SF:src/adapters/llm/HunyuanAdapter.ts
FN:21,(anonymous_0)
FN:29,(anonymous_1)
FN:38,(anonymous_2)
FN:100,(anonymous_3)
FN:109,(anonymous_4)
FNF:5
FNH:1
FNDA:3,(anonymous_0)
FNDA:0,(anonymous_1)
FNDA:0,(anonymous_2)
FNDA:0,(anonymous_3)
FNDA:0,(anonymous_4)
DA:1,2
DA:14,2
DA:15,3
DA:16,3
DA:19,3
DA:22,3
DA:23,3
DA:33,0
DA:34,0
DA:37,0
DA:38,0
DA:43,0
DA:52,0
DA:53,0
DA:56,0
DA:68,0
DA:69,0
DA:70,0
DA:73,0
DA:75,0
DA:76,0
DA:77,0
DA:78,0
DA:79,0
DA:80,0
DA:82,0
DA:84,0
DA:93,0
DA:104,0
DA:105,0
DA:106,0
DA:109,0
DA:114,0
DA:123,0
DA:124,0
DA:127,0
DA:140,0
DA:141,0
DA:142,0
DA:145,0
DA:146,0
DA:147,0
DA:148,0
DA:150,0
DA:151,0
DA:152,0
DA:154,0
DA:155,0
DA:156,0
DA:158,0
DA:159,0
DA:160,0
DA:161,0
DA:162,0
DA:164,0
DA:165,0
DA:166,0
DA:167,0
DA:168,0
DA:170,0
DA:171,0
DA:172,0
DA:173,0
DA:174,0
DA:188,2
LF:65
LH:8
BRDA:33,0,0,0
BRDA:46,1,0,0
BRDA:46,1,1,0
BRDA:47,2,0,0
BRDA:47,2,1,0
BRDA:48,3,0,0
BRDA:48,3,1,0
BRDA:52,4,0,0
BRDA:57,5,0,0
BRDA:57,5,1,0
BRDA:68,6,0,0
BRDA:76,7,0,0
BRDA:76,7,1,0
BRDA:77,8,0,0
BRDA:77,8,1,0
BRDA:78,9,0,0
BRDA:78,9,1,0
BRDA:79,10,0,0
BRDA:79,10,1,0
BRDA:104,11,0,0
BRDA:117,12,0,0
BRDA:117,12,1,0
BRDA:118,13,0,0
BRDA:118,13,1,0
BRDA:119,14,0,0
BRDA:119,14,1,0
BRDA:123,15,0,0
BRDA:128,16,0,0
BRDA:128,16,1,0
BRDA:140,17,0,0
BRDA:140,18,0,0
BRDA:140,18,1,0
BRDA:152,19,0,0
BRDA:156,20,0,0
BRDA:156,20,1,0
BRDA:159,21,0,0
BRDA:161,22,0,0
BRDA:162,23,0,0
BRDA:167,24,0,0
BRDA:170,25,0,0
BRDA:170,26,0,0
BRDA:170,26,1,0
BRDA:171,27,0,0
BRDA:171,27,1,0
BRDA:172,28,0,0
BRDA:172,28,1,0
BRF:46
BRH:0
end_of_record
TN:
SF:src/adapters/llm/KimiAdapter.ts
FN:21,(anonymous_0)
FN:29,(anonymous_1)
FN:38,(anonymous_2)
FN:102,(anonymous_3)
FN:111,(anonymous_4)
FNF:5
FNH:1
FNDA:3,(anonymous_0)
FNDA:0,(anonymous_1)
FNDA:0,(anonymous_2)
FNDA:0,(anonymous_3)
FNDA:0,(anonymous_4)
DA:1,2
DA:14,2
DA:15,3
DA:16,3
DA:19,3
DA:22,3
DA:23,3
DA:33,0
DA:34,0
DA:37,0
DA:38,0
DA:43,0
DA:54,0
DA:55,0
DA:58,0
DA:70,0
DA:71,0
DA:72,0
DA:75,0
DA:77,0
DA:78,0
DA:79,0
DA:80,0
DA:81,0
DA:82,0
DA:84,0
DA:86,0
DA:95,0
DA:106,0
DA:107,0
DA:108,0
DA:111,0
DA:116,0
DA:127,0
DA:128,0
DA:131,0
DA:144,0
DA:145,0
DA:146,0
DA:149,0
DA:150,0
DA:151,0
DA:152,0
DA:154,0
DA:155,0
DA:156,0
DA:158,0
DA:159,0
DA:160,0
DA:162,0
DA:163,0
DA:164,0
DA:165,0
DA:166,0
DA:168,0
DA:169,0
DA:170,0
DA:171,0
DA:172,0
DA:174,0
DA:175,0
DA:176,0
DA:177,0
DA:178,0
DA:192,2
LF:65
LH:8
BRDA:33,0,0,0
BRDA:46,1,0,0
BRDA:46,1,1,0
BRDA:47,2,0,0
BRDA:47,2,1,0
BRDA:48,3,0,0
BRDA:48,3,1,0
BRDA:49,4,0,0
BRDA:49,4,1,0
BRDA:50,5,0,0
BRDA:50,5,1,0
BRDA:54,6,0,0
BRDA:59,7,0,0
BRDA:59,7,1,0
BRDA:70,8,0,0
BRDA:78,9,0,0
BRDA:78,9,1,0
BRDA:79,10,0,0
BRDA:79,10,1,0
BRDA:80,11,0,0
BRDA:80,11,1,0
BRDA:81,12,0,0
BRDA:81,12,1,0
BRDA:106,13,0,0
BRDA:119,14,0,0
BRDA:119,14,1,0
BRDA:120,15,0,0
BRDA:120,15,1,0
BRDA:121,16,0,0
BRDA:121,16,1,0
BRDA:122,17,0,0
BRDA:122,17,1,0
BRDA:123,18,0,0
BRDA:123,18,1,0
BRDA:127,19,0,0
BRDA:132,20,0,0
BRDA:132,20,1,0
BRDA:144,21,0,0
BRDA:144,22,0,0
BRDA:144,22,1,0
BRDA:156,23,0,0
BRDA:160,24,0,0
BRDA:160,24,1,0
BRDA:163,25,0,0
BRDA:165,26,0,0
BRDA:166,27,0,0
BRDA:171,28,0,0
BRDA:174,29,0,0
BRDA:174,30,0,0
BRDA:174,30,1,0
BRDA:175,31,0,0
BRDA:175,31,1,0
BRDA:176,32,0,0
BRDA:176,32,1,0
BRF:54
BRH:0
end_of_record
TN:
SF:src/adapters/llm/QwenAdapter.ts
FN:21,(anonymous_0)
FN:32,(anonymous_1)
FN:41,(anonymous_2)
FN:104,(anonymous_3)
FN:113,(anonymous_4)
FNF:5
FNH:1
FNDA:5,(anonymous_0)
FNDA:0,(anonymous_1)
FNDA:0,(anonymous_2)
FNDA:0,(anonymous_3)
FNDA:0,(anonymous_4)
DA:1,2
DA:14,2
DA:15,5
DA:16,5
DA:19,5
DA:22,5
DA:23,5
DA:24,5
DA:25,1
DA:36,0
DA:37,0
DA:40,0
DA:41,0
DA:46,0
DA:61,0
DA:73,0
DA:74,0
DA:75,0
DA:78,0
DA:80,0
DA:81,0
DA:82,0
DA:83,0
DA:84,0
DA:86,0
DA:88,0
DA:97,0
DA:108,0
DA:109,0
DA:110,0
DA:113,0
DA:118,0
DA:134,0
DA:147,0
DA:148,0
DA:149,0
DA:152,0
DA:153,0
DA:154,0
DA:155,0
DA:157,0
DA:158,0
DA:159,0
DA:161,0
DA:162,0
DA:163,0
DA:165,0
DA:166,0
DA:167,0
DA:168,0
DA:170,0
DA:171,0
DA:172,0
DA:173,0
DA:176,0
DA:177,0
DA:178,0
DA:179,0
DA:180,0
DA:194,2
LF:60
LH:10
BRDA:24,0,0,1
BRDA:36,1,0,0
BRDA:42,2,0,0
BRDA:42,2,1,0
BRDA:42,3,0,0
BRDA:42,3,1,0
BRDA:52,4,0,0
BRDA:52,4,1,0
BRDA:53,5,0,0
BRDA:53,5,1,0
BRDA:54,6,0,0
BRDA:54,6,1,0
BRDA:55,7,0,0
BRDA:55,7,1,0
BRDA:62,8,0,0
BRDA:62,8,1,0
BRDA:73,9,0,0
BRDA:80,10,0,0
BRDA:80,10,1,0
BRDA:81,11,0,0
BRDA:81,11,1,0
BRDA:82,12,0,0
BRDA:82,12,1,0
BRDA:83,13,0,0
BRDA:83,13,1,0
BRDA:108,14,0,0
BRDA:114,15,0,0
BRDA:114,15,1,0
BRDA:114,16,0,0
BRDA:114,16,1,0
BRDA:124,17,0,0
BRDA:124,17,1,0
BRDA:125,18,0,0
BRDA:125,18,1,0
BRDA:126,19,0,0
BRDA:126,19,1,0
BRDA:127,20,0,0
BRDA:127,20,1,0
BRDA:135,21,0,0
BRDA:135,21,1,0
BRDA:147,22,0,0
BRDA:147,23,0,0
BRDA:147,23,1,0
BRDA:159,24,0,0
BRDA:163,25,0,0
BRDA:163,25,1,0
BRDA:166,26,0,0
BRDA:168,27,0,0
BRDA:168,28,0,0
BRDA:168,28,1,0
BRDA:172,29,0,0
BRDA:176,30,0,0
BRDA:176,31,0,0
BRDA:176,31,1,0
BRDA:177,32,0,0
BRDA:177,32,1,0
BRDA:178,33,0,0
BRDA:178,33,1,0
BRF:58
BRH:1
end_of_record
TN:
SF:src/adapters/llm/SparkAdapter.ts
FN:21,(anonymous_0)
FN:29,(anonymous_1)
FN:38,(anonymous_2)
FN:100,(anonymous_3)
FN:109,(anonymous_4)
FNF:5
FNH:1
FNDA:3,(anonymous_0)
FNDA:0,(anonymous_1)
FNDA:0,(anonymous_2)
FNDA:0,(anonymous_3)
FNDA:0,(anonymous_4)
DA:1,2
DA:14,2
DA:15,3
DA:16,3
DA:19,3
DA:22,3
DA:23,3
DA:33,0
DA:34,0
DA:37,0
DA:38,0
DA:43,0
DA:52,0
DA:53,0
DA:56,0
DA:68,0
DA:69,0
DA:70,0
DA:73,0
DA:75,0
DA:76,0
DA:77,0
DA:78,0
DA:79,0
DA:80,0
DA:82,0
DA:84,0
DA:93,0
DA:104,0
DA:105,0
DA:106,0
DA:109,0
DA:114,0
DA:123,0
DA:124,0
DA:127,0
DA:140,0
DA:141,0
DA:142,0
DA:145,0
DA:146,0
DA:147,0
DA:148,0
DA:150,0
DA:151,0
DA:152,0
DA:154,0
DA:155,0
DA:156,0
DA:158,0
DA:159,0
DA:160,0
DA:161,0
DA:162,0
DA:164,0
DA:165,0
DA:166,0
DA:167,0
DA:168,0
DA:170,0
DA:171,0
DA:172,0
DA:173,0
DA:174,0
DA:188,2
LF:65
LH:8
BRDA:33,0,0,0
BRDA:46,1,0,0
BRDA:46,1,1,0
BRDA:47,2,0,0
BRDA:47,2,1,0
BRDA:48,3,0,0
BRDA:48,3,1,0
BRDA:52,4,0,0
BRDA:57,5,0,0
BRDA:57,5,1,0
BRDA:68,6,0,0
BRDA:76,7,0,0
BRDA:76,7,1,0
BRDA:77,8,0,0
BRDA:77,8,1,0
BRDA:78,9,0,0
BRDA:78,9,1,0
BRDA:79,10,0,0
BRDA:79,10,1,0
BRDA:104,11,0,0
BRDA:117,12,0,0
BRDA:117,12,1,0
BRDA:118,13,0,0
BRDA:118,13,1,0
BRDA:119,14,0,0
BRDA:119,14,1,0
BRDA:123,15,0,0
BRDA:128,16,0,0
BRDA:128,16,1,0
BRDA:140,17,0,0
BRDA:140,18,0,0
BRDA:140,18,1,0
BRDA:152,19,0,0
BRDA:156,20,0,0
BRDA:156,20,1,0
BRDA:159,21,0,0
BRDA:161,22,0,0
BRDA:162,23,0,0
BRDA:167,24,0,0
BRDA:170,25,0,0
BRDA:170,26,0,0
BRDA:170,26,1,0
BRDA:171,27,0,0
BRDA:171,27,1,0
BRDA:172,28,0,0
BRDA:172,28,1,0
BRF:46
BRH:0
end_of_record
TN:
SF:src/adapters/llm/WenxinAdapter.ts
FN:22,(anonymous_0)
FN:30,(anonymous_1)
FN:64,(anonymous_2)
FN:76,(anonymous_3)
FN:134,(anonymous_4)
FN:146,(anonymous_5)
FNF:6
FNH:1
FNDA:3,(anonymous_0)
FNDA:0,(anonymous_1)
FNDA:0,(anonymous_2)
FNDA:0,(anonymous_3)
FNDA:0,(anonymous_4)
FNDA:0,(anonymous_5)
DA:1,2
DA:14,2
DA:15,3
DA:16,3
DA:19,3
DA:20,3
DA:23,3
DA:24,3
DA:31,0
DA:32,0
DA:36,0
DA:37,0
DA:42,0
DA:43,0
DA:44,0
DA:47,0
DA:49,0
DA:50,0
DA:52,0
DA:53,0
DA:56,0
DA:57,0
DA:58,0
DA:68,0
DA:69,0
DA:72,0
DA:73,0
DA:76,0
DA:81,0
DA:89,0
DA:90,0
DA:92,0
DA:100,0
DA:101,0
DA:102,0
DA:105,0
DA:107,0
DA:108,0
DA:111,0
DA:112,0
DA:113,0
DA:114,0
DA:116,0
DA:118,0
DA:127,0
DA:138,0
DA:139,0
DA:140,0
DA:143,0
DA:144,0
DA:146,0
DA:151,0
DA:160,0
DA:161,0
DA:163,0
DA:172,0
DA:173,0
DA:174,0
DA:177,0
DA:178,0
DA:179,0
DA:180,0
DA:182,0
DA:183,0
DA:184,0
DA:186,0
DA:187,0
DA:188,0
DA:190,0
DA:191,0
DA:192,0
DA:193,0
DA:195,0
DA:196,0
DA:197,0
DA:198,0
DA:200,0
DA:201,0
DA:202,0
DA:203,0
DA:204,0
DA:213,0
DA:221,2
LF:83
LH:9
BRDA:31,0,0,0
BRDA:31,1,0,0
BRDA:31,1,1,0
BRDA:36,2,0,0
BRDA:43,3,0,0
BRDA:43,4,0,0
BRDA:43,4,1,0
BRDA:52,5,0,0
BRDA:56,6,0,0
BRDA:56,6,1,0
BRDA:68,7,0,0
BRDA:77,8,0,0
BRDA:77,8,1,0
BRDA:77,9,0,0
BRDA:77,9,1,0
BRDA:83,10,0,0
BRDA:83,10,1,0
BRDA:84,11,0,0
BRDA:84,11,1,0
BRDA:85,12,0,0
BRDA:85,12,1,0
BRDA:89,13,0,0
BRDA:89,13,1,0
BRDA:100,14,0,0
BRDA:107,15,0,0
BRDA:111,16,0,0
BRDA:111,16,1,0
BRDA:112,17,0,0
BRDA:112,17,1,0
BRDA:113,18,0,0
BRDA:113,18,1,0
BRDA:138,19,0,0
BRDA:147,20,0,0
BRDA:147,20,1,0
BRDA:147,21,0,0
BRDA:147,21,1,0
BRDA:153,22,0,0
BRDA:153,22,1,0
BRDA:154,23,0,0
BRDA:154,23,1,0
BRDA:155,24,0,0
BRDA:155,24,1,0
BRDA:160,25,0,0
BRDA:160,25,1,0
BRDA:172,26,0,0
BRDA:172,27,0,0
BRDA:172,27,1,0
BRDA:184,28,0,0
BRDA:188,29,0,0
BRDA:188,29,1,0
BRDA:191,30,0,0
BRDA:193,31,0,0
BRDA:193,32,0,0
BRDA:193,32,1,0
BRDA:197,33,0,0
BRDA:200,34,0,0
BRDA:200,35,0,0
BRDA:200,35,1,0
BRDA:201,36,0,0
BRDA:201,36,1,0
BRDA:202,37,0,0
BRDA:202,37,1,0
BRF:62
BRH:0
end_of_record
TN:
SF:src/adapters/llm/index.ts
FN:10,(anonymous_4)
FN:13,(anonymous_5)
FN:13,(anonymous_6)
FN:14,(anonymous_7)
FN:14,(anonymous_8)
FN:15,(anonymous_9)
FN:15,(anonymous_10)
FN:16,(anonymous_11)
FN:16,(anonymous_12)
FN:17,(anonymous_13)
FN:17,(anonymous_14)
FN:18,(anonymous_15)
FN:18,(anonymous_16)
FN:19,(anonymous_17)
FN:19,(anonymous_18)
FNF:15
FNH:15
FNDA:1,(anonymous_4)
FNDA:1,(anonymous_5)
FNDA:1,(anonymous_6)
FNDA:1,(anonymous_7)
FNDA:1,(anonymous_8)
FNDA:1,(anonymous_9)
FNDA:1,(anonymous_10)
FNDA:1,(anonymous_11)
FNDA:1,(anonymous_12)
FNDA:1,(anonymous_13)
FNDA:1,(anonymous_14)
FNDA:1,(anonymous_15)
FNDA:1,(anonymous_16)
FNDA:1,(anonymous_17)
FNDA:1,(anonymous_18)
DA:7,1
DA:10,2
DA:13,2
DA:14,2
DA:15,2
DA:16,2
DA:17,2
DA:18,2
DA:19,2
LF:9
LH:9
BRF:0
BRH:0
end_of_record
TN:
SF:src/modules/determinism/DeterminismSystem.ts
FN:62,(anonymous_0)
FN:77,(anonymous_1)
FN:91,(anonymous_2)
FN:102,(anonymous_3)
FN:109,(anonymous_4)
FN:116,(anonymous_5)
FN:123,(anonymous_6)
FN:136,(anonymous_7)
FN:143,(anonymous_8)
FN:150,(anonymous_9)
FN:157,(anonymous_10)
FN:164,(anonymous_11)
FN:173,(anonymous_12)
FN:180,(anonymous_13)
FN:187,(anonymous_14)
FN:194,(anonymous_15)
FN:201,(anonymous_16)
FN:210,(anonymous_17)
FN:217,(anonymous_18)
FNF:19
FNH:16
FNDA:9,(anonymous_0)
FNDA:1,(anonymous_1)
FNDA:2,(anonymous_2)
FNDA:1,(anonymous_3)
FNDA:1,(anonymous_4)
FNDA:1,(anonymous_5)
FNDA:0,(anonymous_6)
FNDA:3,(anonymous_7)
FNDA:1,(anonymous_8)
FNDA:0,(anonymous_9)
FNDA:0,(anonymous_10)
FNDA:2,(anonymous_11)
FNDA:3,(anonymous_12)
FNDA:1,(anonymous_13)
FNDA:1,(anonymous_14)
FNDA:4,(anonymous_15)
FNDA:1,(anonymous_16)
FNDA:1,(anonymous_17)
FNDA:1,(anonymous_18)
DA:11,6
DA:12,6
DA:13,6
DA:14,6
DA:51,6
DA:52,9
DA:53,9
DA:60,9
DA:63,9
DA:64,9
DA:65,9
DA:66,9
DA:69,9
DA:70,9
DA:71,9
DA:78,1
DA:96,2
DA:103,1
DA:110,1
DA:117,1
DA:128,0
DA:137,3
DA:144,1
DA:151,0
DA:158,0
DA:165,2
DA:174,3
DA:181,1
DA:188,1
DA:195,4
DA:202,1
DA:211,1
DA:218,1
LF:33
LH:30
BRDA:78,0,0,1
BRDA:78,0,1,1
BRDA:78,0,2,1
BRDA:78,0,3,1
BRDA:78,0,4,1
BRF:5
BRH:5
end_of_record
TN:
SF:src/modules/determinism/HallucinationDetector.ts
FN:64,(anonymous_0)
FN:79,(anonymous_1)
FN:86,(anonymous_2)
FN:93,(anonymous_3)
FN:100,(anonymous_4)
FN:107,(anonymous_5)
FN:114,(anonymous_6)
FN:121,(anonymous_7)
FN:130,(anonymous_8)
FN:156,(anonymous_9)
FN:243,(anonymous_10)
FN:250,(anonymous_11)
FN:278,(anonymous_12)
FN:285,(anonymous_13)
FNF:14
FNH:12
FNDA:18,(anonymous_0)
FNDA:11,(anonymous_1)
FNDA:11,(anonymous_2)
FNDA:12,(anonymous_3)
FNDA:1,(anonymous_4)
FNDA:0,(anonymous_5)
FNDA:0,(anonymous_6)
FNDA:2,(anonymous_7)
FNDA:6,(anonymous_8)
FNDA:9,(anonymous_9)
FNDA:2,(anonymous_10)
FNDA:3,(anonymous_11)
FNDA:4,(anonymous_12)
FNDA:4,(anonymous_13)
DA:45,6
DA:46,18
DA:47,18
DA:62,18
DA:65,18
DA:66,18
DA:67,18
DA:68,18
DA:69,18
DA:80,11
DA:87,11
DA:94,12
DA:101,1
DA:108,0
DA:115,0
DA:122,2
DA:135,6
DA:137,6
DA:138,6
DA:140,6
DA:162,9
DA:163,1
DA:170,8
DA:171,8
DA:172,8
DA:175,8
DA:176,3
DA:177,3
DA:178,3
DA:179,3
DA:180,3
DA:183,3
DA:184,3
DA:185,3
DA:186,2
DA:198,8
DA:199,2
DA:200,2
DA:201,2
DA:202,2
DA:203,2
DA:207,8
DA:208,4
DA:209,4
DA:210,4
DA:211,4
DA:212,4
DA:216,8
DA:217,2
DA:224,6
DA:225,6
DA:226,6
DA:229,6
DA:230,2
DA:233,6
DA:250,3
DA:252,2
DA:253,2
DA:254,3
DA:255,3
DA:257,3
DA:258,3
DA:259,3
DA:262,3
DA:263,0
DA:271,3
DA:279,4
DA:286,4
LF:68
LH:65
BRDA:65,0,0,18
BRDA:65,0,1,15
BRDA:66,1,0,18
BRDA:66,1,1,17
BRDA:67,2,0,18
BRDA:67,2,1,17
BRDA:68,3,0,18
BRDA:68,3,1,17
BRDA:70,4,0,18
BRDA:70,4,1,16
BRDA:71,5,0,18
BRDA:71,5,1,16
BRDA:72,6,0,18
BRDA:72,6,1,16
BRDA:137,7,0,6
BRDA:137,7,1,6
BRDA:146,8,0,3
BRDA:146,8,1,3
BRDA:162,9,0,1
BRDA:175,10,0,3
BRDA:175,11,0,8
BRDA:175,11,1,7
BRDA:183,12,0,3
BRDA:185,13,0,2
BRDA:187,14,0,2
BRDA:187,14,1,2
BRDA:198,15,0,2
BRDA:198,16,0,8
BRDA:198,16,1,7
BRDA:198,16,2,3
BRDA:198,16,3,2
BRDA:207,17,0,4
BRDA:207,18,0,8
BRDA:207,18,1,7
BRDA:216,19,0,2
BRDA:225,20,0,6
BRDA:225,20,1,6
BRDA:229,21,0,2
BRDA:229,22,0,6
BRDA:229,22,1,4
BRDA:229,22,2,2
BRDA:255,23,0,0
BRDA:262,24,0,0
BRDA:262,25,0,3
BRDA:262,25,1,0
BRF:45
BRH:42
end_of_record
TN:
SF:src/modules/determinism/SelfConsistencyChecker.ts
FN:39,(anonymous_0)
FN:48,(anonymous_1)
FN:57,(anonymous_2)
FN:90,(anonymous_3)
FN:92,(anonymous_4)
FN:134,(anonymous_5)
FN:150,(anonymous_6)
FN:168,(anonymous_7)
FN:177,(anonymous_8)
FN:216,(anonymous_9)
FN:220,(anonymous_10)
FN:228,(anonymous_11)
FN:234,(anonymous_12)
FN:264,(anonymous_13)
FN:271,(anonymous_14)
FN:278,(anonymous_15)
FNF:16
FNH:16
FNDA:23,(anonymous_0)
FNDA:2,(anonymous_1)
FNDA:2,(anonymous_2)
FNDA:11,(anonymous_3)
FNDA:22,(anonymous_4)
FNDA:12,(anonymous_5)
FNDA:10,(anonymous_6)
FNDA:1,(anonymous_7)
FNDA:1,(anonymous_8)
FNDA:22,(anonymous_9)
FNDA:112,(anonymous_10)
FNDA:1,(anonymous_11)
FNDA:20,(anonymous_12)
FNDA:5,(anonymous_13)
FNDA:4,(anonymous_14)
FNDA:3,(anonymous_15)
DA:30,6
DA:31,23
DA:32,23
DA:37,23
DA:40,23
DA:41,23
DA:42,23
DA:49,2
DA:63,2
DA:64,1
DA:65,1
DA:76,1
DA:92,22
DA:94,11
DA:95,1
DA:102,10
DA:103,10
DA:104,10
DA:105,10
DA:108,10
DA:109,21
DA:110,12
DA:111,12
DA:112,12
DA:113,12
DA:121,10
DA:122,10
DA:124,10
DA:135,12
DA:137,10
DA:139,1
DA:141,1
DA:143,0
DA:151,10
DA:152,10
DA:154,10
DA:155,10
DA:156,49
DA:157,36
DA:161,10
DA:162,10
DA:169,1
DA:170,1
DA:171,1
DA:178,1
DA:179,1
DA:181,1
DA:182,1
DA:184,1
DA:185,4
DA:187,1
DA:188,4
DA:192,1
DA:194,1
DA:195,1
DA:196,1
DA:198,1
DA:199,4
DA:200,4
DA:201,4
DA:202,4
DA:203,4
DA:206,1
DA:207,0
DA:210,1
DA:217,22
DA:220,112
DA:230,1
DA:231,0
DA:234,20
DA:236,1
DA:237,19
DA:238,19
DA:240,19
DA:241,361
DA:242,361
DA:244,361
DA:245,27
DA:247,334
DA:254,361
DA:258,1
DA:265,5
DA:272,4
DA:279,3
LF:84
LH:81
BRDA:40,0,0,23
BRDA:40,0,1,21
BRDA:41,1,0,23
BRDA:41,1,1,19
BRDA:42,2,0,23
BRDA:42,2,1,19
BRDA:63,3,0,1
BRDA:63,4,0,2
BRDA:63,4,1,1
BRDA:92,5,0,22
BRDA:92,5,1,22
BRDA:94,6,0,1
BRDA:135,7,0,10
BRDA:135,7,1,1
BRDA:135,7,2,1
BRDA:135,7,3,0
BRDA:156,8,0,36
BRDA:162,9,0,0
BRDA:162,9,1,10
BRDA:171,10,0,0
BRDA:171,10,1,1
BRDA:185,11,0,4
BRDA:185,11,1,4
BRDA:188,12,0,4
BRDA:188,12,1,4
BRDA:199,13,0,4
BRDA:199,13,1,0
BRDA:200,14,0,4
BRDA:200,14,1,0
BRDA:206,15,0,0
BRDA:206,16,0,1
BRDA:206,16,1,1
BRDA:230,17,0,0
BRDA:242,18,0,27
BRDA:242,18,1,334
BRDA:244,19,0,27
BRDA:244,19,1,334
BRF:37
BRH:30
end_of_record
TN:
SF:src/modules/determinism/SourceTracer.ts
FN:68,(anonymous_0)
FN:76,(anonymous_1)
FN:84,(anonymous_2)
FN:102,(anonymous_3)
FN:128,(anonymous_4)
FN:139,(anonymous_5)
FN:159,(anonymous_6)
FN:212,(anonymous_7)
FN:217,(anonymous_8)
FN:242,(anonymous_9)
FN:282,(anonymous_10)
FN:283,(anonymous_11)
FN:290,(anonymous_12)
FN:313,(anonymous_13)
FN:319,(anonymous_14)
FN:331,(anonymous_15)
FN:338,(anonymous_16)
FNF:17
FNH:16
FNDA:22,(anonymous_0)
FNDA:2,(anonymous_1)
FNDA:19,(anonymous_2)
FNDA:2,(anonymous_3)
FNDA:3,(anonymous_4)
FNDA:1,(anonymous_5)
FNDA:13,(anonymous_6)
FNDA:0,(anonymous_7)
FNDA:5,(anonymous_8)
FNDA:11,(anonymous_9)
FNDA:12,(anonymous_10)
FNDA:74,(anonymous_11)
FNDA:59,(anonymous_12)
FNDA:31,(anonymous_13)
FNDA:155,(anonymous_14)
FNDA:11,(anonymous_15)
FNDA:2,(anonymous_16)
DA:58,6
DA:59,22
DA:60,22
DA:62,22
DA:63,22
DA:66,22
DA:69,22
DA:70,22
DA:77,2
DA:85,19
DA:88,19
DA:89,19
DA:90,63
DA:91,63
DA:92,58
DA:94,63
DA:103,2
DA:104,0
DA:108,2
DA:109,2
DA:110,2
DA:111,4
DA:112,4
DA:113,4
DA:114,4
DA:115,4
DA:116,4
DA:121,2
DA:129,3
DA:130,7
DA:140,1
DA:143,1
DA:145,1
DA:160,13
DA:161,0
DA:168,13
DA:169,1
DA:177,12
DA:178,12
DA:181,12
DA:182,57
DA:183,57
DA:184,57
DA:185,37
DA:186,40
DA:192,12
DA:193,1
DA:201,11
DA:202,11
DA:203,12
DA:204,12
DA:205,12
DA:206,12
DA:207,5
DA:212,11
DA:213,11
DA:216,11
DA:217,5
DA:221,11
DA:222,11
DA:223,5
DA:225,11
DA:230,11
DA:232,11
DA:243,11
DA:244,0
DA:246,11
DA:247,6
DA:251,5
DA:252,5
DA:254,5
DA:256,5
DA:257,5
DA:258,5
DA:259,9
DA:260,8
DA:264,5
DA:265,5
DA:269,5
DA:270,19
DA:271,19
DA:272,0
DA:276,5
DA:283,74
DA:287,12
DA:288,3
DA:290,59
DA:292,9
DA:295,12
DA:296,0
DA:299,12
DA:300,12
DA:301,47
DA:302,34
DA:306,12
DA:307,12
DA:315,31
DA:321,155
DA:322,0
DA:324,155
DA:332,11
DA:339,2
DA:340,2
LF:103
LH:97
BRDA:69,0,0,22
BRDA:69,0,1,20
BRDA:70,1,0,22
BRDA:70,1,1,21
BRDA:88,2,0,19
BRDA:88,2,1,17
BRDA:91,3,0,58
BRDA:103,4,0,0
BRDA:109,5,0,2
BRDA:109,5,1,2
BRDA:113,6,0,4
BRDA:115,7,0,4
BRDA:146,8,0,1
BRDA:146,8,1,0
BRDA:160,9,0,0
BRDA:168,10,0,1
BRDA:184,11,0,37
BRDA:192,12,0,1
BRDA:205,13,0,12
BRDA:205,13,1,12
BRDA:206,14,0,5
BRDA:225,15,0,5
BRDA:225,15,1,6
BRDA:243,16,0,0
BRDA:246,17,0,6
BRDA:256,18,0,5
BRDA:259,19,0,8
BRDA:264,20,0,5
BRDA:271,21,0,0
BRDA:287,22,0,3
BRDA:287,22,1,9
BRDA:295,23,0,0
BRDA:295,24,0,12
BRDA:295,24,1,0
BRDA:301,25,0,34
BRDA:307,26,0,0
BRDA:307,26,1,12
BRDA:321,27,0,0
BRF:38
BRH:29
end_of_record
TN:
SF:src/modules/determinism/WFGYVerifier.ts
FN:101,(anonymous_0)
FN:120,(anonymous_1)
FN:128,(anonymous_2)
FN:130,(anonymous_3)
FN:138,(anonymous_4)
FN:147,(anonymous_5)
FN:158,(anonymous_6)
FN:167,(anonymous_7)
FN:196,(anonymous_8)
FN:274,(anonymous_9)
FN:282,(anonymous_10)
FN:295,(anonymous_11)
FN:306,(anonymous_12)
FN:313,(anonymous_13)
FNF:14
FNH:14
FNDA:23,(anonymous_0)
FNDA:5,(anonymous_1)
FNDA:3,(anonymous_2)
FNDA:2,(anonymous_3)
FNDA:1,(anonymous_4)
FNDA:1,(anonymous_5)
FNDA:2,(anonymous_6)
FNDA:1,(anonymous_7)
FNDA:11,(anonymous_8)
FNDA:1,(anonymous_9)
FNDA:1,(anonymous_10)
FNDA:1,(anonymous_11)
FNDA:8,(anonymous_12)
FNDA:3,(anonymous_13)
DA:91,6
DA:92,23
DA:93,23
DA:98,23
DA:99,23
DA:102,23
DA:103,23
DA:105,23
DA:106,2
DA:107,2
DA:111,23
DA:112,23
DA:113,23
DA:121,5
DA:129,3
DA:130,3
DA:131,3
DA:139,1
DA:140,1
DA:148,1
DA:149,1
DA:150,1
DA:152,1
DA:159,2
DA:168,1
DA:171,1
DA:172,1
DA:173,1
DA:174,1
DA:175,1
DA:176,1
DA:177,1
DA:182,1
DA:198,11
DA:199,0
DA:212,11
DA:214,11
DA:215,1
DA:224,10
DA:225,10
DA:226,10
DA:227,10
DA:228,10
DA:230,10
DA:231,11
DA:232,11
DA:235,11
DA:236,2
DA:238,9
DA:241,11
DA:242,6
DA:243,6
DA:244,6
DA:249,5
DA:250,5
DA:258,10
DA:259,10
DA:261,10
DA:275,1
DA:276,0
DA:280,1
DA:281,1
DA:282,1
DA:284,1
DA:287,1
DA:289,1
DA:296,1
DA:297,1
DA:299,0
DA:307,8
DA:314,3
LF:71
LH:68
BRDA:102,0,0,23
BRDA:102,0,1,14
BRDA:105,1,0,2
BRDA:111,2,0,23
BRDA:111,2,1,20
BRDA:149,3,0,1
BRDA:172,4,0,1
BRDA:176,5,0,1
BRDA:183,6,0,1
BRDA:183,6,1,1
BRDA:198,7,0,0
BRDA:202,8,0,0
BRDA:202,8,1,0
BRDA:214,9,0,1
BRDA:231,10,0,11
BRDA:231,10,1,9
BRDA:235,11,0,2
BRDA:235,11,1,9
BRDA:241,12,0,6
BRDA:241,12,1,5
BRDA:258,13,0,10
BRDA:258,13,1,0
BRDA:259,14,0,10
BRDA:259,14,1,5
BRDA:275,15,0,0
BRDA:280,16,0,1
BRDA:287,17,0,1
BRDA:287,17,1,0
BRDA:296,18,0,1
BRDA:296,18,1,0
BRF:30
BRH:23
end_of_record
TN:
SF:src/modules/determinism/index.ts
FN:11,(anonymous_4)
FN:14,(anonymous_5)
FN:17,(anonymous_6)
FN:20,(anonymous_7)
FN:23,(anonymous_8)
FNF:5
FNH:5
FNDA:15,(anonymous_4)
FNDA:15,(anonymous_5)
FNDA:14,(anonymous_6)
FNDA:10,(anonymous_7)
FNDA:9,(anonymous_8)
DA:7,6
DA:8,6
DA:11,21
DA:14,21
DA:17,20
DA:20,16
DA:23,15
LF:7
LH:7
BRF:0
BRH:0
end_of_record
TN:
SF:src/modules/determinism/interfaces/types.ts
FNF:0
FNH:0
DA:18,6
LF:1
LH:1
BRF:0
BRH:0
end_of_record
TN:
SF:src/modules/outcome-scheduler/BillingTracker.ts
FN:7,(anonymous_0)
FN:13,(anonymous_1)
FN:26,(anonymous_2)
FN:33,(anonymous_3)
FN:36,(anonymous_4)
FN:39,(anonymous_5)
FN:49,(anonymous_6)
FN:56,(anonymous_7)
FN:57,(anonymous_8)
FN:63,(anonymous_9)
FN:70,(anonymous_10)
FN:71,(anonymous_11)
FNF:12
FNH:12
FNDA:15,(anonymous_0)
FNDA:7,(anonymous_1)
FNDA:2,(anonymous_2)
FNDA:1,(anonymous_3)
FNDA:1,(anonymous_4)
FNDA:2,(anonymous_5)
FNDA:2,(anonymous_6)
FNDA:1,(anonymous_7)
FNDA:2,(anonymous_8)
FNDA:1,(anonymous_9)
FNDA:5,(anonymous_10)
FNDA:3,(anonymous_11)
DA:7,3
DA:8,15
DA:14,7
DA:30,2
DA:32,2
DA:33,1
DA:35,2
DA:36,1
DA:39,2
DA:40,2
DA:50,2
DA:57,2
DA:64,1
DA:71,5
LF:14
LH:14
BRDA:32,0,0,1
BRDA:35,1,0,1
BRF:2
BRH:2
end_of_record
TN:
SF:src/modules/outcome-scheduler/ChannelPusher.ts
FN:20,(anonymous_0)
FN:30,(anonymous_1)
FN:44,(anonymous_2)
FN:45,(anonymous_3)
FN:66,(anonymous_4)
FN:88,(anonymous_5)
FN:109,(anonymous_6)
FN:139,(anonymous_7)
FN:169,(anonymous_8)
FNF:9
FNH:2
FNDA:12,(anonymous_0)
FNDA:3,(anonymous_1)
FNDA:0,(anonymous_2)
FNDA:0,(anonymous_3)
FNDA:0,(anonymous_4)
FNDA:0,(anonymous_5)
FNDA:0,(anonymous_6)
FNDA:0,(anonymous_7)
FNDA:0,(anonymous_8)
DA:2,3
DA:17,3
DA:21,12
DA:31,3
DA:33,3
DA:34,0
DA:35,0
DA:38,3
DA:45,0
DA:46,0
DA:49,0
DA:50,0
DA:55,0
DA:67,0
DA:69,0
DA:70,0
DA:72,0
DA:73,0
DA:75,0
DA:76,0
DA:78,0
DA:79,0
DA:81,0
DA:89,0
DA:90,0
DA:101,0
DA:102,0
DA:110,0
DA:111,0
DA:118,0
DA:126,0
DA:127,0
DA:130,0
DA:131,0
DA:132,0
DA:140,0
DA:141,0
DA:148,0
DA:156,0
DA:157,0
DA:160,0
DA:161,0
DA:162,0
DA:170,0
DA:171,0
DA:178,0
DA:186,0
DA:187,0
DA:190,0
DA:191,0
DA:192,0
LF:51
LH:6
BRDA:21,0,0,12
BRDA:21,0,1,1
BRDA:49,1,0,0
BRDA:49,1,1,0
BRDA:67,2,0,0
BRDA:67,2,1,0
BRDA:67,2,2,0
BRDA:67,2,3,0
BRDA:67,2,4,0
BRDA:96,3,0,0
BRDA:96,3,1,0
BRDA:101,4,0,0
BRDA:126,5,0,0
BRDA:131,6,0,0
BRDA:156,7,0,0
BRDA:161,8,0,0
BRDA:186,9,0,0
BRDA:191,10,0,0
BRF:18
BRH:2
end_of_record
TN:
SF:src/modules/outcome-scheduler/ExecutionHistory.ts
FN:7,(anonymous_0)
FN:13,(anonymous_1)
FN:30,(anonymous_2)
FN:37,(anonymous_3)
FN:48,(anonymous_4)
FN:50,(anonymous_5)
FN:57,(anonymous_6)
FN:68,(anonymous_7)
FN:75,(anonymous_8)
FN:86,(anonymous_9)
FN:98,(anonymous_10)
FNF:11
FNH:10
FNDA:15,(anonymous_0)
FNDA:17,(anonymous_1)
FNDA:4,(anonymous_2)
FNDA:1,(anonymous_3)
FNDA:1,(anonymous_4)
FNDA:9,(anonymous_5)
FNDA:1,(anonymous_6)
FNDA:0,(anonymous_7)
FNDA:3,(anonymous_8)
FNDA:1,(anonymous_9)
FNDA:2,(anonymous_10)
DA:7,3
DA:8,15
DA:14,17
DA:21,17
DA:22,7
DA:24,17
DA:31,4
DA:38,1
DA:39,1
DA:40,1
DA:42,1
DA:49,1
DA:50,9
DA:51,1
DA:58,1
DA:59,0
DA:61,1
DA:62,1
DA:69,0
DA:76,3
DA:77,3
DA:78,1
DA:80,3
DA:88,1
DA:89,1
DA:91,0
DA:94,1
DA:95,0
DA:98,2
DA:99,1
LF:30
LH:26
BRDA:21,0,0,7
BRDA:31,1,0,4
BRDA:31,1,1,1
BRDA:58,2,0,0
BRDA:88,3,0,1
BRDA:88,3,1,0
BRDA:94,4,0,0
BRF:7
BRH:4
end_of_record
TN:
SF:src/modules/outcome-scheduler/OutcomeScheduler.ts
FN:40,(anonymous_0)
FN:55,(anonymous_1)
FN:72,(anonymous_2)
FN:88,(anonymous_3)
FN:103,(anonymous_4)
FN:112,(anonymous_5)
FN:124,(anonymous_6)
FN:131,(anonymous_7)
FN:141,(anonymous_8)
FN:162,(anonymous_9)
FN:165,(anonymous_10)
FN:173,(anonymous_11)
FN:174,(anonymous_12)
FN:177,(anonymous_13)
FN:191,(anonymous_14)
FN:198,(anonymous_15)
FN:199,(anonymous_16)
FN:207,(anonymous_17)
FN:208,(anonymous_18)
FN:217,(anonymous_19)
FN:221,(anonymous_20)
FN:224,(anonymous_21)
FN:226,(anonymous_22)
FN:239,(anonymous_23)
FN:249,(anonymous_24)
FN:277,(anonymous_25)
FN:286,(anonymous_26)
FN:336,(anonymous_27)
FN:343,(anonymous_28)
FN:350,(anonymous_29)
FNF:30
FNH:10
FNDA:10,(anonymous_0)
FNDA:0,(anonymous_1)
FNDA:0,(anonymous_2)
FNDA:7,(anonymous_3)
FNDA:1,(anonymous_4)
FNDA:3,(anonymous_5)
FNDA:0,(anonymous_6)
FNDA:1,(anonymous_7)
FNDA:0,(anonymous_8)
FNDA:0,(anonymous_9)
FNDA:0,(anonymous_10)
FNDA:0,(anonymous_11)
FNDA:0,(anonymous_12)
FNDA:0,(anonymous_13)
FNDA:0,(anonymous_14)
FNDA:0,(anonymous_15)
FNDA:0,(anonymous_16)
FNDA:0,(anonymous_17)
FNDA:0,(anonymous_18)
FNDA:0,(anonymous_19)
FNDA:0,(anonymous_20)
FNDA:0,(anonymous_21)
FNDA:0,(anonymous_22)
FNDA:1,(anonymous_23)
FNDA:3,(anonymous_24)
FNDA:0,(anonymous_25)
FNDA:0,(anonymous_26)
FNDA:3,(anonymous_27)
FNDA:2,(anonymous_28)
FNDA:1,(anonymous_29)
DA:11,2
DA:12,2
DA:13,2
DA:14,2
DA:15,2
DA:16,2
DA:26,2
DA:27,10
DA:28,10
DA:30,10
DA:31,10
DA:32,10
DA:41,10
DA:42,10
DA:47,10
DA:48,10
DA:49,10
DA:56,0
DA:57,0
DA:59,0
DA:62,0
DA:63,0
DA:64,0
DA:73,0
DA:74,0
DA:76,0
DA:79,0
DA:80,0
DA:82,0
DA:89,7
DA:90,1
DA:93,6
DA:95,6
DA:96,0
DA:104,1
DA:105,1
DA:106,1
DA:113,3
DA:114,3
DA:115,0
DA:118,3
DA:125,0
DA:135,1
DA:142,0
DA:144,0
DA:146,0
DA:147,0
DA:149,0
DA:150,0
DA:152,0
DA:153,0
DA:155,0
DA:163,0
DA:165,0
DA:166,0
DA:168,0
DA:169,0
DA:171,0
DA:172,0
DA:173,0
DA:174,0
DA:176,0
DA:178,0
DA:179,0
DA:185,0
DA:192,0
DA:193,0
DA:195,0
DA:197,0
DA:198,0
DA:199,0
DA:200,0
DA:204,0
DA:207,0
DA:208,0
DA:209,0
DA:218,0
DA:219,0
DA:221,0
DA:222,0
DA:224,0
DA:225,0
DA:227,0
DA:228,0
DA:233,0
DA:240,1
DA:241,1
DA:242,0
DA:250,3
DA:251,3
DA:252,3
DA:254,3
DA:257,3
DA:258,2
DA:260,2
DA:266,2
DA:267,0
DA:269,2
DA:272,1
DA:276,3
DA:277,3
DA:280,3
DA:286,3
DA:287,3
DA:289,0
DA:292,3
DA:293,3
DA:295,3
DA:305,3
DA:308,3
DA:309,1
DA:312,3
DA:314,0
DA:315,0
DA:317,0
DA:327,0
DA:329,0
DA:337,3
DA:344,2
DA:351,1
LF:120
LH:55
BRDA:56,0,0,0
BRDA:63,1,0,0
BRDA:73,2,0,0
BRDA:89,3,0,1
BRDA:95,4,0,0
BRDA:95,5,0,6
BRDA:95,5,1,0
BRDA:114,6,0,0
BRDA:144,7,0,0
BRDA:144,7,1,0
BRDA:144,7,2,0
BRDA:144,7,3,0
BRDA:166,8,0,0
BRDA:169,9,0,0
BRDA:172,10,0,0
BRDA:195,11,0,0
BRDA:197,12,0,0
BRDA:222,13,0,0
BRDA:241,14,0,0
BRDA:257,15,0,2
BRDA:257,15,1,1
BRDA:258,16,0,2
BRDA:258,16,1,1
BRDA:266,17,0,0
BRDA:266,17,1,2
BRDA:281,18,0,3
BRDA:281,18,1,3
BRDA:282,19,0,3
BRDA:282,19,1,3
BRDA:283,20,0,3
BRDA:283,20,1,3
BRDA:287,21,0,0
BRDA:287,22,0,3
BRDA:287,22,1,0
BRDA:308,23,0,1
BRDA:308,24,0,3
BRDA:308,24,1,1
BRDA:315,25,0,0
BRDA:315,25,1,0
BRF:39
BRH:17
end_of_record
TN:
SF:src/modules/outcome-scheduler/RetryManager.ts
FN:14,(anonymous_0)
FN:24,(anonymous_1)
FN:61,(anonymous_2)
FN:71,(anonymous_3)
FN:72,(anonymous_4)
FN:78,(anonymous_5)
FNF:6
FNH:6
FNDA:17,(anonymous_0)
FNDA:3,(anonymous_1)
FNDA:3,(anonymous_2)
FNDA:3,(anonymous_3)
FNDA:3,(anonymous_4)
FNDA:12,(anonymous_5)
DA:7,4
DA:8,17
DA:14,17
DA:15,17
DA:28,3
DA:33,3
DA:34,3
DA:36,3
DA:37,6
DA:38,6
DA:39,2
DA:41,4
DA:42,4
DA:44,4
DA:45,3
DA:46,3
DA:51,1
DA:62,3
DA:63,3
DA:65,0
DA:72,3
DA:79,12
LF:22
LH:21
BRDA:41,0,0,4
BRDA:41,0,1,0
BRDA:44,1,0,3
BRDA:62,2,0,3
BRF:4
BRH:3
end_of_record
TN:
SF:src/modules/outcome-scheduler/TemplateEngine.ts
FN:11,(anonymous_0)
FN:18,(anonymous_1)
FN:25,(anonymous_2)
FN:32,(anonymous_3)
FN:44,(anonymous_4)
FN:45,(anonymous_5)
FN:54,(anonymous_6)
FN:75,(anonymous_7)
FN:82,(anonymous_8)
FN:89,(anonymous_9)
FNF:10
FNH:10
FNDA:17,(anonymous_0)
FNDA:6,(anonymous_1)
FNDA:1,(anonymous_2)
FNDA:1,(anonymous_3)
FNDA:6,(anonymous_4)
FNDA:8,(anonymous_5)
FNDA:8,(anonymous_6)
FNDA:5,(anonymous_7)
FNDA:2,(anonymous_8)
FNDA:1,(anonymous_9)
DA:8,3
DA:9,17
DA:19,6
DA:26,1
DA:33,1
DA:34,1
DA:35,0
DA:37,1
DA:45,6
DA:46,8
DA:47,8
DA:55,8
DA:56,8
DA:58,8
DA:59,10
DA:60,0
DA:62,10
DA:65,8
DA:66,1
DA:69,7
DA:76,5
DA:83,2
DA:90,1
LF:23
LH:21
BRDA:34,0,0,0
BRDA:59,1,0,0
BRDA:59,2,0,10
BRDA:59,2,1,10
BRDA:65,3,0,1
BRF:5
BRH:3
end_of_record
TN:
SF:src/modules/outcome-scheduler/index.ts
FN:11,(anonymous_4)
FN:12,(anonymous_5)
FN:13,(anonymous_6)
FN:14,(anonymous_7)
FN:15,(anonymous_8)
FN:16,(anonymous_9)
FNF:6
FNH:6
FNDA:1,(anonymous_4)
FNDA:1,(anonymous_5)
FNDA:1,(anonymous_6)
FNDA:1,(anonymous_7)
FNDA:1,(anonymous_8)
FNDA:1,(anonymous_9)
DA:7,1
DA:8,1
DA:11,2
DA:12,2
DA:13,2
DA:14,2
DA:15,2
DA:16,2
LF:8
LH:8
BRF:0
BRH:0
end_of_record
TN:
SF:src/modules/outcome-scheduler/interfaces/types.ts
FNF:0
FNH:0
DA:4,1
LF:1
LH:1
BRF:0
BRH:0
end_of_record
TN:
SF:src/modules/outcome-scheduler/utils/cronParser.ts
FN:14,cronParser
FN:24,(anonymous_1)
FN:47,matchCron
FN:73,matchField
FN:78,(anonymous_4)
FNF:5
FNH:0
FNDA:0,cronParser
FNDA:0,(anonymous_1)
FNDA:0,matchCron
FNDA:0,matchField
FNDA:0,(anonymous_4)
DA:14,2
DA:15,0
DA:17,0
DA:18,0
DA:21,0
DA:23,0
DA:25,0
DA:26,0
DA:29,0
DA:30,0
DA:32,0
DA:33,0
DA:34,0
DA:36,0
DA:39,0
DA:55,0
DA:56,0
DA:57,0
DA:58,0
DA:59,0
DA:61,0
DA:62,0
DA:63,0
DA:64,0
DA:65,0
DA:67,0
DA:74,0
DA:77,0
DA:78,0
DA:82,0
DA:83,0
DA:84,0
DA:88,0
DA:89,0
DA:90,0
DA:94,0
DA:95,0
LF:37
LH:1
BRDA:17,0,0,0
BRDA:30,1,0,0
BRDA:61,2,0,0
BRDA:62,3,0,0
BRDA:63,4,0,0
BRDA:64,5,0,0
BRDA:65,6,0,0
BRDA:74,7,0,0
BRDA:77,8,0,0
BRDA:82,9,0,0
BRDA:84,10,0,0
BRDA:84,10,1,0
BRDA:88,11,0,0
BRDA:95,12,0,0
BRDA:95,12,1,0
BRF:15
BRH:0
end_of_record
